C:\Users\Arnaud\Desktop\GVManager_20231026.xlsx
C:\Users\Arnaud\Desktop\Saml-docker-cmd.txt
C:\Users\Arnaud\Desktop\GvManager\WW public IP range save.pdf
C:\Users\Arnaud\Desktop\GvManager\WW+public+IP+ranges.doc
C:\Users\Arnaud\Desktop\IpamPython\venv\Lib\site-packages\setuptools-65.5.0.dist-info\entry_points.txt
C:\Users\Arnaud\Desktop\Scripts\IpamGV\output.csv
C:\Users\Arnaud\Desktop\Scripts\IpamPython\venv\Lib\site-packages\lxml\isoschematron\resources\xsl\iso-schematron-xslt1\readme.txt
C:\Users\Arnaud\Desktop\Scripts\IpamPython\venv\Lib\site-packages\lxml-4.6.5.dist-info\LICENSES.txt
C:\Users\Arnaud\Desktop\Scripts\IpamPython\venv\Lib\site-packages\setuptools-70.3.0.dist-info\entry_points.txt
C:\Users\Arnaud\Desktop\Scripts\IpSearch\bitsight-technologies-infrastructure-thales-group-2023-10-27.csv
C:\Users\Arnaud\Desktop\Scripts\IpSearch\bitsight.csv
C:\Users\Arnaud\Desktop\Scripts\keyword_finder\keyword.txt
C:\Users\Arnaud\Desktop\Scripts\keyword_finder\documents\csv_.csv
C:\Users\Arnaud\Desktop\Scripts\keyword_finder\documents\docx_file.docx
C:\Users\Arnaud\Desktop\Scripts\keyword_finder\documents\pdf_file.pdf
C:\Users\Arnaud\Desktop\Scripts\keyword_finder\documents\pptx_file.pptx
C:\Users\Arnaud\Desktop\Scripts\keyword_finder\documents\text_file.txt
C:\Users\Arnaud\Desktop\Scripts\keyword_finder\documents\xlsx_file.xlsx
C:\Users\Arnaud\Desktop\Scripts\keyword_finder\documents\repository\text2_file.txt
C:\Users\Arnaud\Desktop\Scripts\keyword_finder\venv\Lib\site-packages\adodbapi\license.txt
C:\Users\Arnaud\Desktop\Scripts\keyword_finder\venv\Lib\site-packages\adodbapi\readme.txt
C:\Users\Arnaud\Desktop\Scripts\keyword_finder\venv\Lib\site-packages\isapi\test\README.txt
C:\Users\Arnaud\Desktop\Scripts\keyword_finder\venv\Lib\site-packages\lxml\isoschematron\resources\xsl\iso-schematron-xslt1\readme.txt
C:\Users\Arnaud\Desktop\Scripts\keyword_finder\venv\Lib\site-packages\lxml-5.3.0.dist-info\LICENSES.txt
C:\Users\Arnaud\Desktop\Scripts\keyword_finder\venv\Lib\site-packages\numpy\ma\API_CHANGES.txt
C:\Users\Arnaud\Desktop\Scripts\keyword_finder\venv\Lib\site-packages\numpy\_core\tests\data\umath-validation-set-README.txt
C:\Users\Arnaud\Desktop\Scripts\keyword_finder\venv\Lib\site-packages\numpy-2.0.2.dist-info\LICENSE.txt
C:\Users\Arnaud\Desktop\Scripts\keyword_finder\venv\Lib\site-packages\pywin32-308.dist-info\top_level.txt
C:\Users\Arnaud\Desktop\Scripts\keyword_finder\venv\Lib\site-packages\win32com\test\readme.txt
C:\Users\Arnaud\Desktop\Scripts\Nessus\EyeWitness\Python\categories.txt
C:\Users\Arnaud\Desktop\Scripts\Nessus\EyeWitness\Python\signatures.txt
C:\Users\Arnaud\Desktop\Scripts\python-saml-2.13.0\demo-flask\requirements.txt
C:\Users\Arnaud\Desktop\Scripts\python-saml-2.13.0\demo-flask\venv\Lib\site-packages\lxml\isoschematron\resources\xsl\iso-schematron-xslt1\readme.txt
C:\Users\Arnaud\Desktop\Scripts\python-saml-2.13.0\demo-flask\venv\Lib\site-packages\lxml-5.1.0.dist-info\LICENSES.txt
C:\Users\Arnaud\Desktop\Scripts\python-saml-2.13.0\demo-flask\venv\Lib\site-packages\setuptools-49.2.1.dist-info\entry_points.txt
C:\Users\Arnaud\Desktop\Scripts\python-saml-2.13.0\demo_pyramid\README.txt
C:\Users\Arnaud\Desktop\Scripts\python-saml-2.13.0\docs\SAML_Python_Toolkit_Guide.pdf
C:\Users\Arnaud\Desktop\Scripts\keyword_finder\keyword_search_results.csv
